#
# A fatal error has been detected by the Java Runtime Environment:
#
#  EXCEPTION_ACCESS_VIOLATION (0xc0000005) at pc=0x00007ff8fb9e7ffc, pid=1020, tid=15676
#
# JRE version: OpenJDK Runtime Environment (15.0.1+9) (build 15.0.1+9-18)
# Java VM: OpenJDK 64-Bit Server VM (15.0.1+9-18, mixed mode, tiered, compressed oops, g1 gc, windows-amd64)
# Problematic frame:
# V  [jvm.dll+0x6a7ffc]
#
# No core dump will be written. Minidumps are not enabled by default on client versions of Windows
#
# If you would like to submit a bug report, please visit:
#   https://bugreport.java.com/bugreport/crash.jsp
#

---------------  S U M M A R Y ------------

Command Line: -XX:+ShowCodeDetailsInExceptionMessages -agentlib:jdwp=transport=dt_socket,suspend=y,address=localhost:64795 -javaagent:C:\Users\Strumber_W10\Desktop\eclipse\configuration\org.eclipse.osgi\220\0\.cp\lib\javaagent-shaded.jar -Dfile.encoding=Cp1252 Carta_Restaurant_Nivell2

Host: Intel(R) Core(TM) i7-4500U CPU @ 1.80GHz, 4 cores, 7G,  Windows 10 , 64 bit Build 19041 (10.0.19041.804)
Time: Mon Mar 15 11:58:12 2021 Hora estándar romance elapsed time: 1572.950815 seconds (0d 0h 26m 12s)

---------------  T H R E A D  ---------------

Current thread (0x00000254d5f382b0):  JavaThread "JDWP Transport Listener: dt_socket" daemon [_thread_in_vm, id=15676, stack(0x0000009b83b00000,0x0000009b83c00000)] _threads_hazard_ptr=0x00000254d6557190

Stack: [0x0000009b83b00000,0x0000009b83c00000],  sp=0x0000009b83bfe510,  free space=1017k
Native frames: (J=compiled Java code, j=interpreted, Vv=VM code, C=native code)
V  [jvm.dll+0x6a7ffc]
V  [jvm.dll+0x30015f]
V  [jvm.dll+0x302275]
V  [jvm.dll+0x302a14]
V  [jvm.dll+0x2fff9f]
V  [jvm.dll+0x2ff24a]
V  [jvm.dll+0x619c80]
V  [jvm.dll+0x619963]
V  [jvm.dll+0x5df038]
V  [jvm.dll+0x7783ef]
V  [jvm.dll+0x4f04b1]
V  [jvm.dll+0x787e95]
V  [jvm.dll+0x4d430a]
V  [jvm.dll+0x49548b]
C  [jdwp.dll+0x7f79]


siginfo: EXCEPTION_ACCESS_VIOLATION (0xc0000005), reading address 0x0000000000000004


Register to memory mapping:

RIP=0x00007ff8fb9e7ffc jvm.dll
RAX=0x0 is NULL
RBX=0x0 is NULL
RCX=0x0000009b83bfe530 is pointing into the stack for thread: 0x00000254d5f382b0
RDX=0x0 is NULL
RSP=0x0000009b83bfe510 is pointing into the stack for thread: 0x00000254d5f382b0
RBP=0x0000009b83bfe670 is pointing into the stack for thread: 0x00000254d5f382b0
RSI=0x0 is NULL
RDI=0x0000009b83bfec80 is pointing into the stack for thread: 0x00000254d5f382b0
R8 =0x0 is NULL
R9 =0x00000254d6d68ad0 is pointing into metadata
R10=0x0 is NULL
R11=0x0 is NULL
R12=0x00007ff8fb340000 jvm.dll
R13=0x00000254d5f48a78 points into unknown readable memory: 0x0000018688ed0800 | 00 08 ed 88 86 01 00 00
R14=0x0000009b83bfe5a0 is pointing into the stack for thread: 0x00000254d5f382b0
R15=0x00000000000001a2 is an unknown value


Registers:
RAX=0x0000000000000000, RBX=0x0000000000000000, RCX=0x0000009b83bfe530, RDX=0x0000000000000000
RSP=0x0000009b83bfe510, RBP=0x0000009b83bfe670, RSI=0x0000000000000000, RDI=0x0000009b83bfec80
R8 =0x0000000000000000, R9 =0x00000254d6d68ad0, R10=0x0000000000000000, R11=0x0000000000000000
R12=0x00007ff8fb340000, R13=0x00000254d5f48a78, R14=0x0000009b83bfe5a0, R15=0x00000000000001a2
RIP=0x00007ff8fb9e7ffc, EFLAGS=0x0000000000010246

Top of Stack: (sp=0x0000009b83bfe510)
0x0000009b83bfe510:   0000000000000000 0000000000000000
0x0000009b83bfe520:   0000009b83bfec80 0000000000000000
0x0000009b83bfe530:   0000000000000000 00007ff8fb54e8fe
0x0000009b83bfe540:   0000000000000001 0000000000000000
0x0000009b83bfe550:   00000254d5331580 0000000000000000
0x0000009b83bfe560:   00000254d6d694f7 00007ff8fb64015f
0x0000009b83bfe570:   0000000000000000 0000000000000000
0x0000009b83bfe580:   0000000000000000 0000000000000000
0x0000009b83bfe590:   0000000000000000 0000000000000000
0x0000009b83bfe5a0:   0000000000000000 0000000000000063
0x0000009b83bfe5b0:   0000000000000000 0000009b83bfe5f8
0x0000009b83bfe5c0:   0000000000000000 00000254d53377b0
0x0000009b83bfe5d0:   0000001400000002 0000000000000014
0x0000009b83bfe5e0:   000000030000000c 00000254d5331580
0x0000009b83bfe5f0:   0000000000000000 000000004600019c
0x0000009b83bfe600:   0000000000000000 0000000000000000 

Instructions: (pc=0x00007ff8fb9e7ffc)
0x00007ff8fb9e7efc:   47 1c 03 00 00 00 44 89 47 0c 44 89 47 08 44 3b
0x00007ff8fb9e7f0c:   c3 7c 17 c7 47 1c ff ff ff ff 48 8b 5c 24 30 48
0x00007ff8fb9e7f1c:   8b 74 24 38 48 83 c4 20 5f c3 0f be 4c 30 07 e8
0x00007ff8fb9e7f2c:   e0 fb ff ff 48 83 c6 06 89 47 18 83 e8 0c 74 50
0x00007ff8fb9e7f3c:   83 f8 01 75 34 49 63 c0 48 3b c3 7d 18 0f 1f 80
0x00007ff8fb9e7f4c:   00 00 00 00 80 3c 30 5b 75 0b 41 ff c0 48 ff c0
0x00007ff8fb9e7f5c:   48 3b c3 7c ef 49 63 c8 41 8b c0 2b 47 0c 48 03
0x00007ff8fb9e7f6c:   ce 89 47 14 80 39 4c 74 1d 41 8d 58 01 89 5f 0c
0x00007ff8fb9e7f7c:   48 8b 5c 24 30 48 8b 74 24 38 48 83 c4 20 5f c3
0x00007ff8fb9e7f8c:   49 63 c8 48 03 ce 8b c3 ba 3b 00 00 00 41 2b c0
0x00007ff8fb9e7f9c:   4c 63 c0 e8 bc 19 13 00 48 85 c0 74 06 8b d8 2b
0x00007ff8fb9e7fac:   de ff c3 48 8b 74 24 38 89 5f 0c 48 8b 5c 24 30
0x00007ff8fb9e7fbc:   48 83 c4 20 5f c3 cc cc cc cc cc cc cc cc cc cc
0x00007ff8fb9e7fcc:   cc cc cc cc 41 56 48 83 ec 50 83 79 08 63 4c 8b
0x00007ff8fb9e7fdc:   f1 0f 85 d3 00 00 00 48 8b 01 48 8d 4c 24 20 48
0x00007ff8fb9e7fec:   89 44 24 20 48 89 5c 24 60 33 db 48 89 74 24 68
0x00007ff8fb9e7ffc:   0f b7 40 04 89 44 24 30 48 8b 05 1d 02 42 00 48
0x00007ff8fb9e800c:   89 44 24 40 c7 44 24 3c 01 00 00 00 c7 44 24 2c
0x00007ff8fb9e801c:   01 00 00 00 c7 44 24 28 01 00 00 00 89 5c 24 34
0x00007ff8fb9e802c:   48 89 5c 24 48 e8 7a fe ff ff 48 8d 4c 24 20 e8
0x00007ff8fb9e803c:   b0 00 00 00 8b 44 24 38 48 8b 4c 24 40 41 89 46
0x00007ff8fb9e804c:   08 e8 fe e8 04 00 48 8b 74 24 48 48 85 f6 74 45
0x00007ff8fb9e805c:   39 1e 7e 41 48 89 7c 24 70 8b fb 66 0f 1f 84 00
0x00007ff8fb9e806c:   00 00 00 00 48 8b 4e 18 48 8b 0c 39 e8 d3 e8 04
0x00007ff8fb9e807c:   00 ff c3 48 8d 7f 08 3b 1e 7c e9 41 8b 46 08 48
0x00007ff8fb9e808c:   8b 7c 24 70 48 8b 5c 24 60 48 8b 74 24 68 48 83
0x00007ff8fb9e809c:   c4 50 41 5e c3 41 8b 46 08 48 8b 5c 24 60 48 8b
0x00007ff8fb9e80ac:   74 24 68 48 83 c4 50 41 5e c3 8b 41 08 48 83 c4
0x00007ff8fb9e80bc:   50 41 5e c3 48 8d 42 ff 48 83 f8 fd 77 14 48 3b
0x00007ff8fb9e80cc:   51 10 74 19 48 89 51 10 48 d1 ea 83 e2 0f 89 51
0x00007ff8fb9e80dc:   08 c3 48 89 51 10 c7 41 08 63 00 00 00 c3 cc cc
0x00007ff8fb9e80ec:   cc cc cc cc 40 53 48 83 ec 20 8b 41 1c 48 8b d9 


Stack slot to memory mapping:
stack at sp + 0 slots: 0x0 is NULL
stack at sp + 1 slots: 0x0 is NULL
stack at sp + 2 slots: 0x0000009b83bfec80 is pointing into the stack for thread: 0x00000254d5f382b0
stack at sp + 3 slots: 0x0 is NULL
stack at sp + 4 slots: 0x0 is NULL
stack at sp + 5 slots: 0x00007ff8fb54e8fe jvm.dll
stack at sp + 6 slots: 0x0000000000000001 is an unknown value
stack at sp + 7 slots: 0x0 is NULL


---------------  P R O C E S S  ---------------

Threads class SMR info:
_java_thread_list=0x00000254d6557190, length=14, elements={
0x00000254bb9df400, 0x00000254d5cb01a0, 0x00000254d5cb0d70, 0x00000254d5cd1e30,
0x00000254d5cd4ea0, 0x00000254d5cd8100, 0x00000254d5cddb90, 0x00000254d5ce0d30,
0x00000254d5cea690, 0x00000254d5dc4770, 0x00000254d5f382b0, 0x00000254d5f9abf0,
0x00000254d5f9b0e0, 0x00000254d6567070
}

Java Threads: ( => current thread )
  0x00000254bb9df400 JavaThread "main" [_thread_blocked, id=7100, stack(0x0000009b82b00000,0x0000009b82c00000)]
  0x00000254d5cb01a0 JavaThread "Reference Handler" daemon [_thread_blocked, id=14568, stack(0x0000009b83200000,0x0000009b83300000)]
  0x00000254d5cb0d70 JavaThread "Finalizer" daemon [_thread_blocked, id=4160, stack(0x0000009b83300000,0x0000009b83400000)]
  0x00000254d5cd1e30 JavaThread "Signal Dispatcher" daemon [_thread_blocked, id=9648, stack(0x0000009b83400000,0x0000009b83500000)]
  0x00000254d5cd4ea0 JavaThread "Attach Listener" daemon [_thread_blocked, id=1140, stack(0x0000009b83500000,0x0000009b83600000)]
  0x00000254d5cd8100 JavaThread "Service Thread" daemon [_thread_blocked, id=3656, stack(0x0000009b83600000,0x0000009b83700000)]
  0x00000254d5cddb90 JavaThread "C2 CompilerThread0" daemon [_thread_blocked, id=2980, stack(0x0000009b83700000,0x0000009b83800000)]
  0x00000254d5ce0d30 JavaThread "C1 CompilerThread0" daemon [_thread_blocked, id=6544, stack(0x0000009b83800000,0x0000009b83900000)]
  0x00000254d5cea690 JavaThread "Sweeper thread" daemon [_thread_blocked, id=9936, stack(0x0000009b83900000,0x0000009b83a00000)]
  0x00000254d5dc4770 JavaThread "Common-Cleaner" daemon [_thread_blocked, id=15880, stack(0x0000009b83a00000,0x0000009b83b00000)]
=>0x00000254d5f382b0 JavaThread "JDWP Transport Listener: dt_socket" daemon [_thread_in_vm, id=15676, stack(0x0000009b83b00000,0x0000009b83c00000)]
  0x00000254d5f9abf0 JavaThread "JDWP Event Helper Thread" daemon [_thread_blocked, id=7468, stack(0x0000009b83c00000,0x0000009b83d00000)]
  0x00000254d5f9b0e0 JavaThread "JDWP Command Reader" daemon [_thread_in_native, id=6164, stack(0x0000009b83d00000,0x0000009b83e00000)]
  0x00000254d6567070 JavaThread "Notification Thread" daemon [_thread_blocked, id=2252, stack(0x0000009b83e00000,0x0000009b83f00000)]

Other Threads:
  0x00000254d54758b0 VMThread "VM Thread" [stack: 0x0000009b83100000,0x0000009b83200000] [id=2844]
  0x00000254bb9e05b0 WatcherThread [stack: 0x0000009b83f00000,0x0000009b84000000] [id=3044]
  0x00000254bba20aa0 GCTaskThread "GC Thread#0" [stack: 0x0000009b82c00000,0x0000009b82d00000] [id=15392]
  0x00000254bba31b70 ConcurrentGCThread "G1 Main Marker" [stack: 0x0000009b82d00000,0x0000009b82e00000] [id=10580]
  0x00000254bba327e0 ConcurrentGCThread "G1 Conc#0" [stack: 0x0000009b82e00000,0x0000009b82f00000] [id=16308]
  0x00000254bbaa9040 ConcurrentGCThread "G1 Refine#0" [stack: 0x0000009b82f00000,0x0000009b83000000] [id=14164]
  0x00000254bbaabc60 ConcurrentGCThread "G1 Young RemSet Sampling" [stack: 0x0000009b83000000,0x0000009b83100000] [id=14616]

Threads with active compile tasks:

VM state: not at safepoint (normal execution)

VM Mutex/Monitor currently owned by a thread: None

Heap address: 0x0000000081000000, size: 2032 MB, Compressed Oops mode: 32-bit
CDS disabled.
Compressed class space mapped at: 0x0000000100000000-0x0000000140000000, size: 1073741824
Narrow klass base: 0x0000000000000000, Narrow klass shift: 3, Narrow klass range: 0x140000000

GC Precious Log:
 CPUs: 4 total, 4 available
 Memory: 8126M
 Large Page Support: Disabled
 NUMA Support: Disabled
 Compressed Oops: Enabled (32-bit)
 Heap Region Size: 1M
 Heap Min Capacity: 8M
 Heap Initial Capacity: 128M
 Heap Max Capacity: 2032M
 Pre-touch: Disabled
 Parallel Workers: 4
 Concurrent Workers: 1
 Concurrent Refinement Workers: 4
 Periodic GC: Disabled

Heap:
 garbage-first heap   total 131072K, used 6144K [0x0000000081000000, 0x0000000100000000)
  region size 1024K, 7 young (7168K), 0 survivors (0K)
 Metaspace       used 10267K, capacity 10440K, committed 10752K, reserved 1058816K
  class space    used 882K, capacity 919K, committed 1024K, reserved 1048576K

Heap Regions: E=young(eden), S=young(survivor), O=old, HS=humongous(starts), HC=humongous(continues), CS=collection set, F=free, OA=open archive, CA=closed archive, TAMS=top-at-mark-start (previous, next)
|   0|0x0000000081000000, 0x0000000081000000, 0x0000000081100000|  0%| F|  |TAMS 0x0000000081000000, 0x0000000081000000| Untracked 
|   1|0x0000000081100000, 0x0000000081100000, 0x0000000081200000|  0%| F|  |TAMS 0x0000000081100000, 0x0000000081100000| Untracked 
|   2|0x0000000081200000, 0x0000000081200000, 0x0000000081300000|  0%| F|  |TAMS 0x0000000081200000, 0x0000000081200000| Untracked 
|   3|0x0000000081300000, 0x0000000081300000, 0x0000000081400000|  0%| F|  |TAMS 0x0000000081300000, 0x0000000081300000| Untracked 
|   4|0x0000000081400000, 0x0000000081400000, 0x0000000081500000|  0%| F|  |TAMS 0x0000000081400000, 0x0000000081400000| Untracked 
|   5|0x0000000081500000, 0x0000000081500000, 0x0000000081600000|  0%| F|  |TAMS 0x0000000081500000, 0x0000000081500000| Untracked 
|   6|0x0000000081600000, 0x0000000081600000, 0x0000000081700000|  0%| F|  |TAMS 0x0000000081600000, 0x0000000081600000| Untracked 
|   7|0x0000000081700000, 0x0000000081700000, 0x0000000081800000|  0%| F|  |TAMS 0x0000000081700000, 0x0000000081700000| Untracked 
|   8|0x0000000081800000, 0x0000000081800000, 0x0000000081900000|  0%| F|  |TAMS 0x0000000081800000, 0x0000000081800000| Untracked 
|   9|0x0000000081900000, 0x0000000081900000, 0x0000000081a00000|  0%| F|  |TAMS 0x0000000081900000, 0x0000000081900000| Untracked 
|  10|0x0000000081a00000, 0x0000000081a00000, 0x0000000081b00000|  0%| F|  |TAMS 0x0000000081a00000, 0x0000000081a00000| Untracked 
|  11|0x0000000081b00000, 0x0000000081b00000, 0x0000000081c00000|  0%| F|  |TAMS 0x0000000081b00000, 0x0000000081b00000| Untracked 
|  12|0x0000000081c00000, 0x0000000081c00000, 0x0000000081d00000|  0%| F|  |TAMS 0x0000000081c00000, 0x0000000081c00000| Untracked 
|  13|0x0000000081d00000, 0x0000000081d00000, 0x0000000081e00000|  0%| F|  |TAMS 0x0000000081d00000, 0x0000000081d00000| Untracked 
|  14|0x0000000081e00000, 0x0000000081e00000, 0x0000000081f00000|  0%| F|  |TAMS 0x0000000081e00000, 0x0000000081e00000| Untracked 
|  15|0x0000000081f00000, 0x0000000081f00000, 0x0000000082000000|  0%| F|  |TAMS 0x0000000081f00000, 0x0000000081f00000| Untracked 
|  16|0x0000000082000000, 0x0000000082000000, 0x0000000082100000|  0%| F|  |TAMS 0x0000000082000000, 0x0000000082000000| Untracked 
|  17|0x0000000082100000, 0x0000000082100000, 0x0000000082200000|  0%| F|  |TAMS 0x0000000082100000, 0x0000000082100000| Untracked 
|  18|0x0000000082200000, 0x0000000082200000, 0x0000000082300000|  0%| F|  |TAMS 0x0000000082200000, 0x0000000082200000| Untracked 
|  19|0x0000000082300000, 0x0000000082300000, 0x0000000082400000|  0%| F|  |TAMS 0x0000000082300000, 0x0000000082300000| Untracked 
|  20|0x0000000082400000, 0x0000000082400000, 0x0000000082500000|  0%| F|  |TAMS 0x0000000082400000, 0x0000000082400000| Untracked 
|  21|0x0000000082500000, 0x0000000082500000, 0x0000000082600000|  0%| F|  |TAMS 0x0000000082500000, 0x0000000082500000| Untracked 
|  22|0x0000000082600000, 0x0000000082600000, 0x0000000082700000|  0%| F|  |TAMS 0x0000000082600000, 0x0000000082600000| Untracked 
|  23|0x0000000082700000, 0x0000000082700000, 0x0000000082800000|  0%| F|  |TAMS 0x0000000082700000, 0x0000000082700000| Untracked 
|  24|0x0000000082800000, 0x0000000082800000, 0x0000000082900000|  0%| F|  |TAMS 0x0000000082800000, 0x0000000082800000| Untracked 
|  25|0x0000000082900000, 0x0000000082900000, 0x0000000082a00000|  0%| F|  |TAMS 0x0000000082900000, 0x0000000082900000| Untracked 
|  26|0x0000000082a00000, 0x0000000082a00000, 0x0000000082b00000|  0%| F|  |TAMS 0x0000000082a00000, 0x0000000082a00000| Untracked 
|  27|0x0000000082b00000, 0x0000000082b00000, 0x0000000082c00000|  0%| F|  |TAMS 0x0000000082b00000, 0x0000000082b00000| Untracked 
|  28|0x0000000082c00000, 0x0000000082c00000, 0x0000000082d00000|  0%| F|  |TAMS 0x0000000082c00000, 0x0000000082c00000| Untracked 
|  29|0x0000000082d00000, 0x0000000082d00000, 0x0000000082e00000|  0%| F|  |TAMS 0x0000000082d00000, 0x0000000082d00000| Untracked 
|  30|0x0000000082e00000, 0x0000000082e00000, 0x0000000082f00000|  0%| F|  |TAMS 0x0000000082e00000, 0x0000000082e00000| Untracked 
|  31|0x0000000082f00000, 0x0000000082f00000, 0x0000000083000000|  0%| F|  |TAMS 0x0000000082f00000, 0x0000000082f00000| Untracked 
|  32|0x0000000083000000, 0x0000000083000000, 0x0000000083100000|  0%| F|  |TAMS 0x0000000083000000, 0x0000000083000000| Untracked 
|  33|0x0000000083100000, 0x0000000083100000, 0x0000000083200000|  0%| F|  |TAMS 0x0000000083100000, 0x0000000083100000| Untracked 
|  34|0x0000000083200000, 0x0000000083200000, 0x0000000083300000|  0%| F|  |TAMS 0x0000000083200000, 0x0000000083200000| Untracked 
|  35|0x0000000083300000, 0x0000000083300000, 0x0000000083400000|  0%| F|  |TAMS 0x0000000083300000, 0x0000000083300000| Untracked 
|  36|0x0000000083400000, 0x0000000083400000, 0x0000000083500000|  0%| F|  |TAMS 0x0000000083400000, 0x0000000083400000| Untracked 
|  37|0x0000000083500000, 0x0000000083500000, 0x0000000083600000|  0%| F|  |TAMS 0x0000000083500000, 0x0000000083500000| Untracked 
|  38|0x0000000083600000, 0x0000000083600000, 0x0000000083700000|  0%| F|  |TAMS 0x0000000083600000, 0x0000000083600000| Untracked 
|  39|0x0000000083700000, 0x0000000083700000, 0x0000000083800000|  0%| F|  |TAMS 0x0000000083700000, 0x0000000083700000| Untracked 
|  40|0x0000000083800000, 0x0000000083800000, 0x0000000083900000|  0%| F|  |TAMS 0x0000000083800000, 0x0000000083800000| Untracked 
|  41|0x0000000083900000, 0x0000000083900000, 0x0000000083a00000|  0%| F|  |TAMS 0x0000000083900000, 0x0000000083900000| Untracked 
|  42|0x0000000083a00000, 0x0000000083a00000, 0x0000000083b00000|  0%| F|  |TAMS 0x0000000083a00000, 0x0000000083a00000| Untracked 
|  43|0x0000000083b00000, 0x0000000083b00000, 0x0000000083c00000|  0%| F|  |TAMS 0x0000000083b00000, 0x0000000083b00000| Untracked 
|  44|0x0000000083c00000, 0x0000000083c00000, 0x0000000083d00000|  0%| F|  |TAMS 0x0000000083c00000, 0x0000000083c00000| Untracked 
|  45|0x0000000083d00000, 0x0000000083d00000, 0x0000000083e00000|  0%| F|  |TAMS 0x0000000083d00000, 0x0000000083d00000| Untracked 
|  46|0x0000000083e00000, 0x0000000083e00000, 0x0000000083f00000|  0%| F|  |TAMS 0x0000000083e00000, 0x0000000083e00000| Untracked 
|  47|0x0000000083f00000, 0x0000000083f00000, 0x0000000084000000|  0%| F|  |TAMS 0x0000000083f00000, 0x0000000083f00000| Untracked 
|  48|0x0000000084000000, 0x0000000084000000, 0x0000000084100000|  0%| F|  |TAMS 0x0000000084000000, 0x0000000084000000| Untracked 
|  49|0x0000000084100000, 0x0000000084100000, 0x0000000084200000|  0%| F|  |TAMS 0x0000000084100000, 0x0000000084100000| Untracked 
|  50|0x0000000084200000, 0x0000000084200000, 0x0000000084300000|  0%| F|  |TAMS 0x0000000084200000, 0x0000000084200000| Untracked 
|  51|0x0000000084300000, 0x0000000084300000, 0x0000000084400000|  0%| F|  |TAMS 0x0000000084300000, 0x0000000084300000| Untracked 
|  52|0x0000000084400000, 0x0000000084400000, 0x0000000084500000|  0%| F|  |TAMS 0x0000000084400000, 0x0000000084400000| Untracked 
|  53|0x0000000084500000, 0x0000000084500000, 0x0000000084600000|  0%| F|  |TAMS 0x0000000084500000, 0x0000000084500000| Untracked 
|  54|0x0000000084600000, 0x0000000084600000, 0x0000000084700000|  0%| F|  |TAMS 0x0000000084600000, 0x0000000084600000| Untracked 
|  55|0x0000000084700000, 0x0000000084700000, 0x0000000084800000|  0%| F|  |TAMS 0x0000000084700000, 0x0000000084700000| Untracked 
|  56|0x0000000084800000, 0x0000000084800000, 0x0000000084900000|  0%| F|  |TAMS 0x0000000084800000, 0x0000000084800000| Untracked 
|  57|0x0000000084900000, 0x0000000084900000, 0x0000000084a00000|  0%| F|  |TAMS 0x0000000084900000, 0x0000000084900000| Untracked 
|  58|0x0000000084a00000, 0x0000000084a00000, 0x0000000084b00000|  0%| F|  |TAMS 0x0000000084a00000, 0x0000000084a00000| Untracked 
|  59|0x0000000084b00000, 0x0000000084b00000, 0x0000000084c00000|  0%| F|  |TAMS 0x0000000084b00000, 0x0000000084b00000| Untracked 
|  60|0x0000000084c00000, 0x0000000084c00000, 0x0000000084d00000|  0%| F|  |TAMS 0x0000000084c00000, 0x0000000084c00000| Untracked 
|  61|0x0000000084d00000, 0x0000000084d00000, 0x0000000084e00000|  0%| F|  |TAMS 0x0000000084d00000, 0x0000000084d00000| Untracked 
|  62|0x0000000084e00000, 0x0000000084e00000, 0x0000000084f00000|  0%| F|  |TAMS 0x0000000084e00000, 0x0000000084e00000| Untracked 
|  63|0x0000000084f00000, 0x0000000084f00000, 0x0000000085000000|  0%| F|  |TAMS 0x0000000084f00000, 0x0000000084f00000| Untracked 
|  64|0x0000000085000000, 0x0000000085000000, 0x0000000085100000|  0%| F|  |TAMS 0x0000000085000000, 0x0000000085000000| Untracked 
|  65|0x0000000085100000, 0x0000000085100000, 0x0000000085200000|  0%| F|  |TAMS 0x0000000085100000, 0x0000000085100000| Untracked 
|  66|0x0000000085200000, 0x0000000085200000, 0x0000000085300000|  0%| F|  |TAMS 0x0000000085200000, 0x0000000085200000| Untracked 
|  67|0x0000000085300000, 0x0000000085300000, 0x0000000085400000|  0%| F|  |TAMS 0x0000000085300000, 0x0000000085300000| Untracked 
|  68|0x0000000085400000, 0x0000000085400000, 0x0000000085500000|  0%| F|  |TAMS 0x0000000085400000, 0x0000000085400000| Untracked 
|  69|0x0000000085500000, 0x0000000085500000, 0x0000000085600000|  0%| F|  |TAMS 0x0000000085500000, 0x0000000085500000| Untracked 
|  70|0x0000000085600000, 0x0000000085600000, 0x0000000085700000|  0%| F|  |TAMS 0x0000000085600000, 0x0000000085600000| Untracked 
|  71|0x0000000085700000, 0x0000000085700000, 0x0000000085800000|  0%| F|  |TAMS 0x0000000085700000, 0x0000000085700000| Untracked 
|  72|0x0000000085800000, 0x0000000085800000, 0x0000000085900000|  0%| F|  |TAMS 0x0000000085800000, 0x0000000085800000| Untracked 
|  73|0x0000000085900000, 0x0000000085900000, 0x0000000085a00000|  0%| F|  |TAMS 0x0000000085900000, 0x0000000085900000| Untracked 
|  74|0x0000000085a00000, 0x0000000085a00000, 0x0000000085b00000|  0%| F|  |TAMS 0x0000000085a00000, 0x0000000085a00000| Untracked 
|  75|0x0000000085b00000, 0x0000000085b00000, 0x0000000085c00000|  0%| F|  |TAMS 0x0000000085b00000, 0x0000000085b00000| Untracked 
|  76|0x0000000085c00000, 0x0000000085c00000, 0x0000000085d00000|  0%| F|  |TAMS 0x0000000085c00000, 0x0000000085c00000| Untracked 
|  77|0x0000000085d00000, 0x0000000085d00000, 0x0000000085e00000|  0%| F|  |TAMS 0x0000000085d00000, 0x0000000085d00000| Untracked 
|  78|0x0000000085e00000, 0x0000000085e00000, 0x0000000085f00000|  0%| F|  |TAMS 0x0000000085e00000, 0x0000000085e00000| Untracked 
|  79|0x0000000085f00000, 0x0000000085f00000, 0x0000000086000000|  0%| F|  |TAMS 0x0000000085f00000, 0x0000000085f00000| Untracked 
|  80|0x0000000086000000, 0x0000000086000000, 0x0000000086100000|  0%| F|  |TAMS 0x0000000086000000, 0x0000000086000000| Untracked 
|  81|0x0000000086100000, 0x0000000086100000, 0x0000000086200000|  0%| F|  |TAMS 0x0000000086100000, 0x0000000086100000| Untracked 
|  82|0x0000000086200000, 0x0000000086200000, 0x0000000086300000|  0%| F|  |TAMS 0x0000000086200000, 0x0000000086200000| Untracked 
|  83|0x0000000086300000, 0x0000000086300000, 0x0000000086400000|  0%| F|  |TAMS 0x0000000086300000, 0x0000000086300000| Untracked 
|  84|0x0000000086400000, 0x0000000086400000, 0x0000000086500000|  0%| F|  |TAMS 0x0000000086400000, 0x0000000086400000| Untracked 
|  85|0x0000000086500000, 0x0000000086500000, 0x0000000086600000|  0%| F|  |TAMS 0x0000000086500000, 0x0000000086500000| Untracked 
|  86|0x0000000086600000, 0x0000000086600000, 0x0000000086700000|  0%| F|  |TAMS 0x0000000086600000, 0x0000000086600000| Untracked 
|  87|0x0000000086700000, 0x0000000086700000, 0x0000000086800000|  0%| F|  |TAMS 0x0000000086700000, 0x0000000086700000| Untracked 
|  88|0x0000000086800000, 0x0000000086800000, 0x0000000086900000|  0%| F|  |TAMS 0x0000000086800000, 0x0000000086800000| Untracked 
|  89|0x0000000086900000, 0x0000000086900000, 0x0000000086a00000|  0%| F|  |TAMS 0x0000000086900000, 0x0000000086900000| Untracked 
|  90|0x0000000086a00000, 0x0000000086a00000, 0x0000000086b00000|  0%| F|  |TAMS 0x0000000086a00000, 0x0000000086a00000| Untracked 
|  91|0x0000000086b00000, 0x0000000086b00000, 0x0000000086c00000|  0%| F|  |TAMS 0x0000000086b00000, 0x0000000086b00000| Untracked 
|  92|0x0000000086c00000, 0x0000000086c00000, 0x0000000086d00000|  0%| F|  |TAMS 0x0000000086c00000, 0x0000000086c00000| Untracked 
|  93|0x0000000086d00000, 0x0000000086d00000, 0x0000000086e00000|  0%| F|  |TAMS 0x0000000086d00000, 0x0000000086d00000| Untracked 
|  94|0x0000000086e00000, 0x0000000086e00000, 0x0000000086f00000|  0%| F|  |TAMS 0x0000000086e00000, 0x0000000086e00000| Untracked 
|  95|0x0000000086f00000, 0x0000000086f00000, 0x0000000087000000|  0%| F|  |TAMS 0x0000000086f00000, 0x0000000086f00000| Untracked 
|  96|0x0000000087000000, 0x0000000087000000, 0x0000000087100000|  0%| F|  |TAMS 0x0000000087000000, 0x0000000087000000| Untracked 
|  97|0x0000000087100000, 0x0000000087100000, 0x0000000087200000|  0%| F|  |TAMS 0x0000000087100000, 0x0000000087100000| Untracked 
|  98|0x0000000087200000, 0x0000000087200000, 0x0000000087300000|  0%| F|  |TAMS 0x0000000087200000, 0x0000000087200000| Untracked 
|  99|0x0000000087300000, 0x0000000087300000, 0x0000000087400000|  0%| F|  |TAMS 0x0000000087300000, 0x0000000087300000| Untracked 
| 100|0x0000000087400000, 0x0000000087400000, 0x0000000087500000|  0%| F|  |TAMS 0x0000000087400000, 0x0000000087400000| Untracked 
| 101|0x0000000087500000, 0x0000000087500000, 0x0000000087600000|  0%| F|  |TAMS 0x0000000087500000, 0x0000000087500000| Untracked 
| 102|0x0000000087600000, 0x0000000087600000, 0x0000000087700000|  0%| F|  |TAMS 0x0000000087600000, 0x0000000087600000| Untracked 
| 103|0x0000000087700000, 0x0000000087700000, 0x0000000087800000|  0%| F|  |TAMS 0x0000000087700000, 0x0000000087700000| Untracked 
| 104|0x0000000087800000, 0x0000000087800000, 0x0000000087900000|  0%| F|  |TAMS 0x0000000087800000, 0x0000000087800000| Untracked 
| 105|0x0000000087900000, 0x0000000087900000, 0x0000000087a00000|  0%| F|  |TAMS 0x0000000087900000, 0x0000000087900000| Untracked 
| 106|0x0000000087a00000, 0x0000000087a00000, 0x0000000087b00000|  0%| F|  |TAMS 0x0000000087a00000, 0x0000000087a00000| Untracked 
| 107|0x0000000087b00000, 0x0000000087b00000, 0x0000000087c00000|  0%| F|  |TAMS 0x0000000087b00000, 0x0000000087b00000| Untracked 
| 108|0x0000000087c00000, 0x0000000087c00000, 0x0000000087d00000|  0%| F|  |TAMS 0x0000000087c00000, 0x0000000087c00000| Untracked 
| 109|0x0000000087d00000, 0x0000000087d00000, 0x0000000087e00000|  0%| F|  |TAMS 0x0000000087d00000, 0x0000000087d00000| Untracked 
| 110|0x0000000087e00000, 0x0000000087e00000, 0x0000000087f00000|  0%| F|  |TAMS 0x0000000087e00000, 0x0000000087e00000| Untracked 
| 111|0x0000000087f00000, 0x0000000087f00000, 0x0000000088000000|  0%| F|  |TAMS 0x0000000087f00000, 0x0000000087f00000| Untracked 
| 112|0x0000000088000000, 0x0000000088000000, 0x0000000088100000|  0%| F|  |TAMS 0x0000000088000000, 0x0000000088000000| Untracked 
| 113|0x0000000088100000, 0x0000000088100000, 0x0000000088200000|  0%| F|  |TAMS 0x0000000088100000, 0x0000000088100000| Untracked 
| 114|0x0000000088200000, 0x0000000088200000, 0x0000000088300000|  0%| F|  |TAMS 0x0000000088200000, 0x0000000088200000| Untracked 
| 115|0x0000000088300000, 0x0000000088300000, 0x0000000088400000|  0%| F|  |TAMS 0x0000000088300000, 0x0000000088300000| Untracked 
| 116|0x0000000088400000, 0x0000000088400000, 0x0000000088500000|  0%| F|  |TAMS 0x0000000088400000, 0x0000000088400000| Untracked 
| 117|0x0000000088500000, 0x0000000088500000, 0x0000000088600000|  0%| F|  |TAMS 0x0000000088500000, 0x0000000088500000| Untracked 
| 118|0x0000000088600000, 0x0000000088600000, 0x0000000088700000|  0%| F|  |TAMS 0x0000000088600000, 0x0000000088600000| Untracked 
| 119|0x0000000088700000, 0x0000000088700000, 0x0000000088800000|  0%| F|  |TAMS 0x0000000088700000, 0x0000000088700000| Untracked 
| 120|0x0000000088800000, 0x0000000088800000, 0x0000000088900000|  0%| F|  |TAMS 0x0000000088800000, 0x0000000088800000| Untracked 
| 121|0x0000000088900000, 0x00000000889d4c88, 0x0000000088a00000| 83%| E|  |TAMS 0x0000000088900000, 0x0000000088900000| Complete 
| 122|0x0000000088a00000, 0x0000000088b00000, 0x0000000088b00000|100%| E|CS|TAMS 0x0000000088a00000, 0x0000000088a00000| Complete 
| 123|0x0000000088b00000, 0x0000000088c00000, 0x0000000088c00000|100%| E|CS|TAMS 0x0000000088b00000, 0x0000000088b00000| Complete 
| 124|0x0000000088c00000, 0x0000000088d00000, 0x0000000088d00000|100%| E|CS|TAMS 0x0000000088c00000, 0x0000000088c00000| Complete 
| 125|0x0000000088d00000, 0x0000000088e00000, 0x0000000088e00000|100%| E|CS|TAMS 0x0000000088d00000, 0x0000000088d00000| Complete 
| 126|0x0000000088e00000, 0x0000000088f00000, 0x0000000088f00000|100%| E|CS|TAMS 0x0000000088e00000, 0x0000000088e00000| Complete 
| 127|0x0000000088f00000, 0x0000000089000000, 0x0000000089000000|100%| E|CS|TAMS 0x0000000088f00000, 0x0000000088f00000| Complete 

Card table byte_map: [0x00000254ce800000,0x00000254cec00000] _byte_map_base: 0x00000254ce3f8000

Marking Bits (Prev, Next): (CMBitMap*) 0x00000254bba21310, (CMBitMap*) 0x00000254bba21350
 Prev Bits: [0x00000254cf000000, 0x00000254d0fc0000)
 Next Bits: [0x00000254d0fc0000, 0x00000254d2f80000)

Polling page: 0x00000254b9b80000

Metaspace:

Usage:
  Non-class:      9.30 MB capacity,     9.16 MB ( 99%) used,   130.04 KB (  1%) free+waste,     6.50 KB ( <1%) overhead. 
      Class:    919.00 KB capacity,   882.64 KB ( 96%) used,    34.42 KB (  4%) free+waste,     1.94 KB ( <1%) overhead. 
       Both:     10.20 MB capacity,    10.03 MB ( 98%) used,   164.46 KB (  2%) free+waste,     8.44 KB ( <1%) overhead. 

Virtual space:
  Non-class space:       10.00 MB reserved,       9.50 MB ( 95%) committed 
      Class space:        1.00 GB reserved,       1.00 MB ( <1%) committed 
             Both:        1.01 GB reserved,      10.50 MB (  1%) committed 

Chunk freelists:
   Non-Class:  15.00 KB
       Class:  9.00 KB
        Both:  24.00 KB

MaxMetaspaceSize: 17179869184.00 GB
CompressedClassSpaceSize: 1.00 GB

CodeHeap 'non-profiled nmethods': size=120000Kb used=153Kb max_used=153Kb free=119846Kb
 bounds [0x00000254c6ed0000, 0x00000254c7140000, 0x00000254ce400000]
CodeHeap 'profiled nmethods': size=120000Kb used=670Kb max_used=670Kb free=119329Kb
 bounds [0x00000254bf9a0000, 0x00000254bfc10000, 0x00000254c6ed0000]
CodeHeap 'non-nmethods': size=5760Kb used=1234Kb max_used=1249Kb free=4525Kb
 bounds [0x00000254bf400000, 0x00000254bf670000, 0x00000254bf9a0000]
 total_blobs=910 nmethods=510 adapters=313
 compilation: enabled
              stopped_count=0, restarted_count=0
 full_count=0

Compilation events (20 events):
Event: 701.106 Thread 0x00000254d5cddb90  504       4       org.eclipse.jdt.launching.internal.org.objectweb.asm.ClassReader::readUtf (161 bytes)
Event: 701.123 Thread 0x00000254d5cddb90 nmethod 504 0x00000254c6ef4c90 code [0x00000254c6ef4e40, 0x00000254c6ef5678]
Event: 725.538 Thread 0x00000254d5ce0d30  505       1       sun.instrument.TransformerManager::getSnapshotTransformerList (5 bytes)
Event: 725.538 Thread 0x00000254d5ce0d30 nmethod 505 0x00000254c6ef5b10 code [0x00000254c6ef5ca0, 0x00000254c6ef5d58]
Event: 1016.452 Thread 0x00000254d5ce0d30  506       1       sun.instrument.TransformerManager$TransformerInfo::transformer (5 bytes)
Event: 1016.452 Thread 0x00000254d5ce0d30 nmethod 506 0x00000254c6ef5e10 code [0x00000254c6ef5fa0, 0x00000254c6ef6058]
Event: 1117.342 Thread 0x00000254d5ce0d30  507       3       org.eclipse.jdt.launching.internal.org.objectweb.asm.ClassReader::readClass (7 bytes)
Event: 1117.343 Thread 0x00000254d5ce0d30 nmethod 507 0x00000254bfa45990 code [0x00000254bfa45b60, 0x00000254bfa45ee8]
Event: 1117.343 Thread 0x00000254d5cddb90  508       4       java.lang.StringUTF16::compress (50 bytes)
Event: 1117.353 Thread 0x00000254d5cddb90 

Event: 1117.353 Thread 0x00000254d5cddb90  509       4       java.lang.String::hashCode (60 bytes)
Event: 1117.359 Thread 0x00000254d5cddb90 nmethod 509 0x00000254c6ef6110 code [0x00000254c6ef62a0, 0x00000254c6ef6548]
Event: 1271.924 Thread 0x00000254d5ce0d30  510       3       org.eclipse.jdt.launching.internal.org.objectweb.asm.SymbolTable::addConstantMemberReference (29 bytes)
Event: 1271.925 Thread 0x00000254d5ce0d30 nmethod 510 0x00000254bfa46090 code [0x00000254bfa46280, 0x00000254bfa46628]
Event: 1570.882 Thread 0x00000254d5ce0d30  511       3       org.eclipse.jdt.launching.internal.org.objectweb.asm.SymbolTable::addConstantNameAndType (28 bytes)
Event: 1570.882 Thread 0x00000254d5ce0d30 nmethod 511 0x00000254bfa46910 code [0x00000254bfa46ae0, 0x00000254bfa46df8]
Event: 1570.882 Thread 0x00000254d5ce0d30  512       3       org.eclipse.jdt.launching.internal.org.objectweb.asm.SymbolTable::hash (15 bytes)
Event: 1570.882 Thread 0x00000254d5ce0d30 nmethod 512 0x00000254bfa47010 code [0x00000254bfa471c0, 0x00000254bfa47338]
Event: 1570.882 Thread 0x00000254d5ce0d30  513       3       org.eclipse.jdt.launching.internal.org.objectweb.asm.SymbolTable$Entry::<init> (18 bytes)
Event: 1570.883 Thread 0x00000254d5ce0d30 nmethod 513 0x00000254bfa47490 code [0x00000254bfa47640, 0x00000254bfa477c8]

GC Heap History (0 events):
No events

Deoptimization events (20 events):
Event: 0.742 Thread 0x00000254bb9df400 DEOPT PACKING pc=0x00000254bfa16fe1 sp=0x0000009b82bfb910
Event: 0.742 Thread 0x00000254bb9df400 DEOPT UNPACKING pc=0x00000254bf44e23f sp=0x0000009b82bfadd8 mode 0
Event: 0.742 Thread 0x00000254bb9df400 DEOPT PACKING pc=0x00000254bfa16fe1 sp=0x0000009b82bfb910
Event: 0.742 Thread 0x00000254bb9df400 DEOPT UNPACKING pc=0x00000254bf44e23f sp=0x0000009b82bfadd8 mode 0
Event: 0.742 Thread 0x00000254bb9df400 DEOPT PACKING pc=0x00000254bfa16fe1 sp=0x0000009b82bfb910
Event: 0.742 Thread 0x00000254bb9df400 DEOPT UNPACKING pc=0x00000254bf44e23f sp=0x0000009b82bfadd8 mode 0
Event: 0.744 Thread 0x00000254bb9df400 DEOPT PACKING pc=0x00000254bfa16fe1 sp=0x0000009b82bf7db0
Event: 0.744 Thread 0x00000254bb9df400 DEOPT UNPACKING pc=0x00000254bf44e23f sp=0x0000009b82bf7278 mode 0
Event: 0.748 Thread 0x00000254bb9df400 Uncommon trap: trap_request=0xffffff45 fr.pc=0x00000254c6ed8e6c relative=0x000000000000024c
Event: 0.748 Thread 0x00000254bb9df400 Uncommon trap: reason=unstable_if action=reinterpret pc=0x00000254c6ed8e6c method=java.lang.String.isLatin1()Z @ 10 c2
Event: 0.748 Thread 0x00000254bb9df400 DEOPT PACKING pc=0x00000254c6ed8e6c sp=0x0000009b82bfc8c0
Event: 0.748 Thread 0x00000254bb9df400 DEOPT UNPACKING pc=0x00000254bf44e42f sp=0x0000009b82bfc808 mode 2
Event: 0.769 Thread 0x00000254bb9df400 Uncommon trap: trap_request=0xffffff45 fr.pc=0x00000254c6eda9dc relative=0x000000000000005c
Event: 0.769 Thread 0x00000254bb9df400 Uncommon trap: reason=unstable_if action=reinterpret pc=0x00000254c6eda9dc method=java.lang.String.isLatin1()Z @ 10 c2
Event: 0.769 Thread 0x00000254bb9df400 DEOPT PACKING pc=0x00000254c6eda9dc sp=0x0000009b82bfef40
Event: 0.769 Thread 0x00000254bb9df400 DEOPT UNPACKING pc=0x00000254bf44e42f sp=0x0000009b82bfeee0 mode 2
Event: 0.813 Thread 0x00000254bb9df400 Uncommon trap: trap_request=0xffffff45 fr.pc=0x00000254c6ee2ac4 relative=0x0000000000000044
Event: 0.813 Thread 0x00000254bb9df400 Uncommon trap: reason=unstable_if action=reinterpret pc=0x00000254c6ee2ac4 method=java.lang.CharacterData.of(I)Ljava/lang/CharacterData; @ 4 c2
Event: 0.813 Thread 0x00000254bb9df400 DEOPT PACKING pc=0x00000254c6ee2ac4 sp=0x0000009b82bfe680
Event: 0.813 Thread 0x00000254bb9df400 DEOPT UNPACKING pc=0x00000254bf44e42f sp=0x0000009b82bfe620 mode 2

Classes unloaded (0 events):
No events

Classes redefined (9 events):
Event: 82.777 Thread 0x00000254d54758b0 redefined class name=Carta_Restaurant_Nivell2, count=1
Event: 301.197 Thread 0x00000254d54758b0 redefined class name=Carta_Restaurant_Nivell2, count=2
Event: 701.099 Thread 0x00000254d54758b0 redefined class name=Carta_Restaurant_Nivell2, count=3
Event: 725.540 Thread 0x00000254d54758b0 redefined class name=Carta_Restaurant_Nivell2, count=4
Event: 1016.455 Thread 0x00000254d54758b0 redefined class name=Carta_Restaurant_Nivell2, count=5
Event: 1070.656 Thread 0x00000254d54758b0 redefined class name=Carta_Restaurant_Nivell2, count=6
Event: 1117.346 Thread 0x00000254d54758b0 redefined class name=Carta_Restaurant_Nivell2, count=7
Event: 1271.929 Thread 0x00000254d54758b0 redefined class name=Carta_Restaurant_Nivell2, count=8
Event: 1570.884 Thread 0x00000254d54758b0 redefined class name=Carta_Restaurant_Nivell2, count=9

Internal exceptions (3 events):
Event: 0.502 Thread 0x00000254bb9df400 Exception <a 'java/lang/NoSuchMethodError'{0x0000000088d1eac8}: 'void java.lang.invoke.DirectMethodHandle$Holder.invokeStatic(java.lang.Object, java.lang.Object)'> (0x0000000088d1eac8) 
thrown [./open/src/hotspot/share/interpreter/linkResolver.cpp, line 782]
Event: 0.505 Thread 0x00000254bb9df400 Exception <a 'java/lang/NoSuchMethodError'{0x0000000088d22770}: 'void java.lang.invoke.DirectMethodHandle$Holder.invokeStaticInit(java.lang.Object, java.lang.Object)'> (0x0000000088d22770) 
thrown [./open/src/hotspot/share/interpreter/linkResolver.cpp, line 782]
Event: 0.704 Thread 0x00000254bb9df400 Exception <a 'java/lang/NoSuchMethodError'{0x0000000088b03b08}: 'java.lang.Object java.lang.invoke.DirectMethodHandle$Holder.invokeStatic(java.lang.Object)'> (0x0000000088b03b08) 
thrown [./open/src/hotspot/share/interpreter/linkResolver.cpp, line 782]

Events (20 events):
Event: 1271.943 Executing VM operation: ChangeBreakpoints
Event: 1271.943 Executing VM operation: ChangeBreakpoints done
Event: 1271.949 Executing VM operation: GetFrameCount
Event: 1271.949 Executing VM operation: GetFrameCount done
Event: 1271.949 Executing VM operation: GetStackTrace
Event: 1271.949 Executing VM operation: GetStackTrace done
Event: 1272.154 Executing VM operation: GetFrameCount
Event: 1272.154 Executing VM operation: GetFrameCount done
Event: 1570.883 Executing VM operation: RedefineClasses
Event: 1570.888 Executing VM operation: RedefineClasses done
Event: 1570.894 Executing VM operation: ChangeBreakpoints
Event: 1570.894 Executing VM operation: ChangeBreakpoints done
Event: 1570.894 Executing VM operation: ChangeBreakpoints
Event: 1570.894 Executing VM operation: ChangeBreakpoints done
Event: 1570.897 Executing VM operation: GetFrameCount
Event: 1570.897 Executing VM operation: GetFrameCount done
Event: 1570.897 Executing VM operation: GetStackTrace
Event: 1570.897 Executing VM operation: GetStackTrace done
Event: 1570.986 Executing VM operation: GetFrameCount
Event: 1570.986 Executing VM operation: GetFrameCount done


Dynamic libraries:
0x00007ff6f4580000 - 0x00007ff6f458d000 	C:\Users\Strumber_W10\Desktop\eclipse\plugins\org.eclipse.justj.openjdk.hotspot.jre.full.win32.x86_64_15.0.1.v20201027-0507\jre\bin\javaw.exe
0x00007ff95b750000 - 0x00007ff95b945000 	C:\WINDOWS\SYSTEM32\ntdll.dll
0x00007ff95a370000 - 0x00007ff95a42d000 	C:\WINDOWS\System32\KERNEL32.DLL
0x00007ff959140000 - 0x00007ff959409000 	C:\WINDOWS\System32\KERNELBASE.dll
0x00007ff958f10000 - 0x00007ff959010000 	C:\WINDOWS\System32\ucrtbase.dll
0x00007ff9534e0000 - 0x00007ff9534f9000 	C:\Users\Strumber_W10\Desktop\eclipse\plugins\org.eclipse.justj.openjdk.hotspot.jre.full.win32.x86_64_15.0.1.v20201027-0507\jre\bin\VCRUNTIME140.dll
0x00007ff953980000 - 0x00007ff953998000 	C:\Users\Strumber_W10\Desktop\eclipse\plugins\org.eclipse.justj.openjdk.hotspot.jre.full.win32.x86_64_15.0.1.v20201027-0507\jre\bin\jli.dll
0x00007ff95ad30000 - 0x00007ff95aed0000 	C:\WINDOWS\System32\USER32.dll
0x00007ff959070000 - 0x00007ff959092000 	C:\WINDOWS\System32\win32u.dll
0x00007ff949c10000 - 0x00007ff949eaa000 	C:\WINDOWS\WinSxS\amd64_microsoft.windows.common-controls_6595b64144ccf1df_6.0.19041.844_none_ca00b6081b84eb1d\COMCTL32.dll
0x00007ff95aa10000 - 0x00007ff95aa3a000 	C:\WINDOWS\System32\GDI32.dll
0x00007ff959570000 - 0x00007ff95967b000 	C:\WINDOWS\System32\gdi32full.dll
0x00007ff95afb0000 - 0x00007ff95b04e000 	C:\WINDOWS\System32\msvcrt.dll
0x00007ff9590a0000 - 0x00007ff95913d000 	C:\WINDOWS\System32\msvcp_win.dll
0x00007ff95a340000 - 0x00007ff95a370000 	C:\WINDOWS\System32\IMM32.DLL
0x00007ff953a60000 - 0x00007ff953a6c000 	C:\Users\Strumber_W10\Desktop\eclipse\plugins\org.eclipse.justj.openjdk.hotspot.jre.full.win32.x86_64_15.0.1.v20201027-0507\jre\bin\vcruntime140_1.dll
0x00007ff951cd0000 - 0x00007ff951d61000 	C:\Users\Strumber_W10\Desktop\eclipse\plugins\org.eclipse.justj.openjdk.hotspot.jre.full.win32.x86_64_15.0.1.v20201027-0507\jre\bin\msvcp140.dll
0x00007ff8fb340000 - 0x00007ff8fbe9e000 	C:\Users\Strumber_W10\Desktop\eclipse\plugins\org.eclipse.justj.openjdk.hotspot.jre.full.win32.x86_64_15.0.1.v20201027-0507\jre\bin\server\jvm.dll
0x00007ff95a1e0000 - 0x00007ff95a28c000 	C:\WINDOWS\System32\ADVAPI32.dll
0x00007ff95a960000 - 0x00007ff95a9fc000 	C:\WINDOWS\System32\sechost.dll
0x00007ff95b050000 - 0x00007ff95b17b000 	C:\WINDOWS\System32\RPCRT4.dll
0x00007ff95b700000 - 0x00007ff95b708000 	C:\WINDOWS\System32\PSAPI.DLL
0x00007ff945110000 - 0x00007ff945119000 	C:\WINDOWS\SYSTEM32\WSOCK32.dll
0x00007ff95a8f0000 - 0x00007ff95a95b000 	C:\WINDOWS\System32\WS2_32.dll
0x00007ff94db30000 - 0x00007ff94db57000 	C:\WINDOWS\SYSTEM32\WINMM.dll
0x00007ff94db60000 - 0x00007ff94db6a000 	C:\WINDOWS\SYSTEM32\VERSION.dll
0x00007ff957770000 - 0x00007ff957782000 	C:\WINDOWS\SYSTEM32\kernel.appcore.dll
0x00007ff937500000 - 0x00007ff93750a000 	C:\Users\Strumber_W10\Desktop\eclipse\plugins\org.eclipse.justj.openjdk.hotspot.jre.full.win32.x86_64_15.0.1.v20201027-0507\jre\bin\jimage.dll
0x00007ff956dc0000 - 0x00007ff956fa4000 	C:\WINDOWS\SYSTEM32\DBGHELP.DLL
0x00007ff94eb90000 - 0x00007ff94ebbc000 	C:\WINDOWS\SYSTEM32\dbgcore.DLL
0x00007ff958e90000 - 0x00007ff958f10000 	C:\WINDOWS\System32\bcryptPrimitives.dll
0x00007ff936be0000 - 0x00007ff936c19000 	C:\Users\Strumber_W10\Desktop\eclipse\plugins\org.eclipse.justj.openjdk.hotspot.jre.full.win32.x86_64_15.0.1.v20201027-0507\jre\bin\jdwp.dll
0x00007ff951a20000 - 0x00007ff951a2e000 	C:\Users\Strumber_W10\Desktop\eclipse\plugins\org.eclipse.justj.openjdk.hotspot.jre.full.win32.x86_64_15.0.1.v20201027-0507\jre\bin\instrument.dll
0x00007ff90fc30000 - 0x00007ff90fc55000 	C:\Users\Strumber_W10\Desktop\eclipse\plugins\org.eclipse.justj.openjdk.hotspot.jre.full.win32.x86_64_15.0.1.v20201027-0507\jre\bin\java.dll
0x00007ff90fb60000 - 0x00007ff90fb78000 	C:\Users\Strumber_W10\Desktop\eclipse\plugins\org.eclipse.justj.openjdk.hotspot.jre.full.win32.x86_64_15.0.1.v20201027-0507\jre\bin\zip.dll
0x00007ff9597b0000 - 0x00007ff959ef2000 	C:\WINDOWS\System32\SHELL32.dll
0x00007ff956fb0000 - 0x00007ff957740000 	C:\WINDOWS\SYSTEM32\windows.storage.dll
0x00007ff95a430000 - 0x00007ff95a785000 	C:\WINDOWS\System32\combase.dll
0x00007ff958900000 - 0x00007ff95892c000 	C:\WINDOWS\SYSTEM32\Wldp.dll
0x00007ff95b650000 - 0x00007ff95b6fe000 	C:\WINDOWS\System32\SHCORE.dll
0x00007ff95a7f0000 - 0x00007ff95a845000 	C:\WINDOWS\System32\shlwapi.dll
0x00007ff958dd0000 - 0x00007ff958def000 	C:\WINDOWS\SYSTEM32\profapi.dll
0x00007ff94bd40000 - 0x00007ff94bd4b000 	C:\Users\Strumber_W10\Desktop\eclipse\plugins\org.eclipse.justj.openjdk.hotspot.jre.full.win32.x86_64_15.0.1.v20201027-0507\jre\bin\dt_socket.dll
0x00007ff958320000 - 0x00007ff95835b000 	C:\WINDOWS\SYSTEM32\IPHLPAPI.DLL
0x00007ff958680000 - 0x00007ff9586ea000 	C:\WINDOWS\system32\mswsock.dll
0x00007ff958360000 - 0x00007ff95842b000 	C:\WINDOWS\SYSTEM32\DNSAPI.dll
0x00007ff95afa0000 - 0x00007ff95afa8000 	C:\WINDOWS\System32\NSI.dll
0x00007ff951480000 - 0x00007ff95148a000 	C:\Windows\System32\rasadhlp.dll
0x00007ff94b480000 - 0x00007ff94b4ff000 	C:\WINDOWS\System32\fwpuclnt.dll
0x00007ff959680000 - 0x00007ff9596a7000 	C:\WINDOWS\System32\bcrypt.dll
0x00007ff90cfd0000 - 0x00007ff90cfe9000 	C:\Users\Strumber_W10\Desktop\eclipse\plugins\org.eclipse.justj.openjdk.hotspot.jre.full.win32.x86_64_15.0.1.v20201027-0507\jre\bin\net.dll
0x00007ff94ed10000 - 0x00007ff94ee1c000 	C:\WINDOWS\SYSTEM32\WINHTTP.dll
0x00007ff90ca90000 - 0x00007ff90caa2000 	C:\Users\Strumber_W10\Desktop\eclipse\plugins\org.eclipse.justj.openjdk.hotspot.jre.full.win32.x86_64_15.0.1.v20201027-0507\jre\bin\nio.dll
0x00007ff9374d0000 - 0x00007ff9374e0000 	C:\Users\Strumber_W10\Desktop\eclipse\plugins\org.eclipse.justj.openjdk.hotspot.jre.full.win32.x86_64_15.0.1.v20201027-0507\jre\bin\verify.dll

dbghelp: loaded successfully - version: 4.0.5 - missing functions: none
symbol engine: initialized successfully - sym options: 0x614 - pdb path: .;C:\Users\Strumber_W10\Desktop\eclipse\plugins\org.eclipse.justj.openjdk.hotspot.jre.full.win32.x86_64_15.0.1.v20201027-0507\jre\bin;C:\WINDOWS\SYSTEM32;C:\WINDOWS\WinSxS\amd64_microsoft.windows.common-controls_6595b64144ccf1df_6.0.19041.844_none_ca00b6081b84eb1d;C:\Users\Strumber_W10\Desktop\eclipse\plugins\org.eclipse.justj.openjdk.hotspot.jre.full.win32.x86_64_15.0.1.v20201027-0507\jre\bin\server

VM Arguments:
jvm_args: -XX:+ShowCodeDetailsInExceptionMessages -agentlib:jdwp=transport=dt_socket,suspend=y,address=localhost:64795 -javaagent:C:\Users\Strumber_W10\Desktop\eclipse\configuration\org.eclipse.osgi\220\0\.cp\lib\javaagent-shaded.jar -Dfile.encoding=Cp1252 
java_command: Carta_Restaurant_Nivell2
java_class_path (initial): C:\Users\Strumber_W10\Desktop\eclipse\workspace\M4\bin
Launcher Type: SUN_STANDARD

[Global flags]
     intx CICompilerCount                          = 3                                         {product} {ergonomic}
     uint ConcGCThreads                            = 1                                         {product} {ergonomic}
     uint G1ConcRefinementThreads                  = 4                                         {product} {ergonomic}
   size_t G1HeapRegionSize                         = 1048576                                   {product} {ergonomic}
    uintx GCDrainStackTargetSize                   = 64                                        {product} {ergonomic}
   size_t InitialHeapSize                          = 134217728                                 {product} {ergonomic}
   size_t MarkStackSize                            = 4194304                                   {product} {ergonomic}
   size_t MaxHeapSize                              = 2130706432                                {product} {ergonomic}
   size_t MaxNewSize                               = 1278214144                                {product} {ergonomic}
   size_t MinHeapDeltaBytes                        = 1048576                                   {product} {ergonomic}
   size_t MinHeapSize                              = 8388608                                   {product} {ergonomic}
    uintx NonNMethodCodeHeapSize                   = 5832780                                {pd product} {ergonomic}
    uintx NonProfiledCodeHeapSize                  = 122912730                              {pd product} {ergonomic}
    uintx ProfiledCodeHeapSize                     = 122912730                              {pd product} {ergonomic}
    uintx ReservedCodeCacheSize                    = 251658240                              {pd product} {ergonomic}
     bool SegmentedCodeCache                       = true                                      {product} {ergonomic}
     bool ShowCodeDetailsInExceptionMessages       = true                                   {manageable} {command line}
   size_t SoftMaxHeapSize                          = 2130706432                             {manageable} {ergonomic}
     bool UseCompressedClassPointers               = true                                 {lp64_product} {ergonomic}
     bool UseCompressedOops                        = true                                 {lp64_product} {ergonomic}
     bool UseG1GC                                  = true                                      {product} {ergonomic}
     bool UseLargePagesIndividualAllocation        = false                                  {pd product} {ergonomic}

Logging:
Log output configuration:
 #0: stdout all=warning uptime,level,tags
 #1: stderr all=off uptime,level,tags

Environment Variables:
JAVA_HOME=Q:\Spring5\jdk\jdk-15.0.1\BIN
PATH=C:\Users\Strumber_W10\Desktop\eclipse\plugins\org.eclipse.justj.openjdk.hotspot.jre.full.win32.x86_64_15.0.1.v20201027-0507\jre\bin;C:/Users/Strumber_W10/Desktop/eclipse//plugins/org.eclipse.justj.openjdk.hotspot.jre.full.win32.x86_64_15.0.1.v20201027-0507/jre/bin/server;C:/Users/Strumber_W10/Desktop/eclipse//plugins/org.eclipse.justj.openjdk.hotspot.jre.full.win32.x86_64_15.0.1.v20201027-0507/jre/bin;C:\Program Files\Common Files\Oracle\Java\javapath;C:\Program Files (x86)\Common Files\Oracle\Java\javapath;C:\WINDOWS\system32;C:\WINDOWS;C:\WINDOWS\System32\Wbem;C:\WINDOWS\System32\WindowsPowerShell\v1.0\;C:\WINDOWS\System32\OpenSSH\;C:\Program Files\Git\cmd;C:\Program Files\Microsoft SQL Server\130\Tools\Binn\;C:\Program Files\Java\jdk-15.0.2\bin;C:\Users\Strumber_W10\AppData\Local\Programs\AdoptOpenJDK\jdk-11.0.10.9-hotspot\bin;C:\Users\Strumber_W10\AppData\Local\Microsoft\WindowsApps;C:\Users\Strumber_W10\AppData\Local\GitHubDesktop\bin;C:\Users\Strumber_W10\AppData\Local\Programs\Microsoft VS Code\bin;C:\Program Files (x86)\Java\jre1.8.0_281\bin;;C:\Users\Strumber_W10\Desktop\eclipse;
USERNAME=Strumber_W10
OS=Windows_NT
PROCESSOR_IDENTIFIER=Intel64 Family 6 Model 69 Stepping 1, GenuineIntel



---------------  S Y S T E M  ---------------

OS:
 Windows 10 , 64 bit Build 19041 (10.0.19041.804)
OS uptime: 0 days 16:19 hours

CPU: total 4 (initial active 4) (2 cores per cpu, 2 threads per core) family 6 model 69 stepping 1 microcode 0x26, cmov, cx8, fxsr, mmx, sse, sse2, sse3, ssse3, sse4.1, sse4.2, popcnt, vzeroupper, avx, avx2, aes, clmul, erms, lzcnt, ht, tsc, tscinvbit, bmi1, bmi2, fma, clflush

Memory: 4k page, system-wide physical 8126M (1726M free)
TotalPageFile size 16318M (AvailPageFile size 5300M)
current process WorkingSet (physical memory assigned to process): 48M, peak: 49M
current process commit charge ("private bytes"): 203M, peak: 205M

vm_info: OpenJDK 64-Bit Server VM (15.0.1+9-18) for windows-amd64 JRE (15.0.1+9-18), built on Sep 15 2020 14:39:31 by "mach5one" with unknown MS VC++:1925

END.
